<?xml version="1.0" encoding="UTF-8"?>
<!-- Generated by org.testng.reporters.JUnitReportReporter -->
<testsuite skipped="0" hostname="DESKTOP-BDBN3OG" name="com.google.testcases.TC_Search_001" tests="1" failures="0" timestamp="19 Nov 2020 18:48:04 GMT" time="3.558" errors="0">
  <testcase name="searchGoogle" time="3.558" classname="com.google.testcases.TC_Search_001"/>
</testsuite> <!-- com.google.testcases.TC_Search_001 -->
